<?xml version="1.0" encoding="UTF-8"?>
<testsuites>
  <testsuite name="/Users/shinaanmohamed/Sites/hadhiya_msgowl/phpunit.xml.dist" tests="2" assertions="4" errors="0" failures="0" skipped="0" time="0.077296">
    <testsuite name="Hadhiya Test Suite" tests="2" assertions="4" errors="0" failures="0" skipped="0" time="0.077296">
      <testsuite name="Tests\ArchTest" file="tests/ArchTest.php" tests="1" assertions="3" errors="0" failures="0" skipped="0" time="0.068248">
        <testcase name="it will not use debugging functions" file="tests/ArchTest.php::it will not use debugging functions" class="Tests\ArchTest" classname="Tests.ArchTest" assertions="3" time="0.068248"/>
      </testsuite>
      <testsuite name="Tests\ExampleTest" file="tests/ExampleTest.php" tests="1" assertions="1" errors="0" failures="0" skipped="0" time="0.009048">
        <testcase name="it can test" file="tests/ExampleTest.php::it can test" class="Tests\ExampleTest" classname="Tests.ExampleTest" assertions="1" time="0.009048"/>
      </testsuite>
    </testsuite>
  </testsuite>
</testsuites>
